Using pre-set license
Built from '2021.2/staging' branch; Version is '2021.2.19f1 (602ecdbb2fb0) revision 6303437'; Using compiler version '192829333'; Build Type 'Release'
OS: 'Windows 10  (10.0.19045) 64bit Professional' Language: 'ko' Physical Memory: 32100 MB
BatchMode: 1, IsHumanControllingUs: 0, StartBugReporterOnCrash: 0, Is64bit: 1, IsPro: 1

COMMAND LINE ARGUMENTS:
C:\Program Files\Unity 2021.2.19f1\Editor\Unity.exe
-adb2
-batchMode
-noUpm
-name
AssetImportWorker0
-projectPath
C:/Users/jeonk/RE/ReStart
-logFile
Logs/AssetImportWorker0.log
-srvPort
51491
Successfully changed project path to: C:/Users/jeonk/RE/ReStart
C:/Users/jeonk/RE/ReStart
[UnityMemory] Configuration Parameters - Can be set up in boot.config
    "memorysetup-bucket-allocator-granularity=16"
    "memorysetup-bucket-allocator-bucket-count=8"
    "memorysetup-bucket-allocator-block-size=33554432"
    "memorysetup-bucket-allocator-block-count=8"
    "memorysetup-main-allocator-block-size=16777216"
    "memorysetup-thread-allocator-block-size=16777216"
    "memorysetup-gfx-main-allocator-block-size=16777216"
    "memorysetup-gfx-thread-allocator-block-size=16777216"
    "memorysetup-cache-allocator-block-size=4194304"
    "memorysetup-typetree-allocator-block-size=2097152"
    "memorysetup-profiler-bucket-allocator-granularity=16"
    "memorysetup-profiler-bucket-allocator-bucket-count=8"
    "memorysetup-profiler-bucket-allocator-block-size=33554432"
    "memorysetup-profiler-bucket-allocator-block-count=8"
    "memorysetup-profiler-allocator-block-size=16777216"
    "memorysetup-profiler-editor-allocator-block-size=1048576"
    "memorysetup-temp-allocator-size-main=16777216"
    "memorysetup-job-temp-allocator-block-size=2097152"
    "memorysetup-job-temp-allocator-block-size-background=1048576"
    "memorysetup-job-temp-allocator-reduction-small-platforms=262144"
    "memorysetup-temp-allocator-size-background-worker=32768"
    "memorysetup-temp-allocator-size-job-worker=262144"
    "memorysetup-temp-allocator-size-preload-manager=33554432"
    "memorysetup-temp-allocator-size-nav-mesh-worker=65536"
    "memorysetup-temp-allocator-size-audio-worker=65536"
    "memorysetup-temp-allocator-size-cloud-worker=32768"
    "memorysetup-temp-allocator-size-gi-baking-worker=262144"
    "memorysetup-temp-allocator-size-gfx=262144"
Refreshing native plugins compatible for Editor in 194.70 ms, found 6 plugins.
Preloading 0 native plugins for Editor in 0.00 ms.
Initialize engine version: 2021.2.19f1 (602ecdbb2fb0)
[Subsystems] Discovering subsystems at path C:/Program Files/Unity 2021.2.19f1/Editor/Data/Resources/UnitySubsystems
[Subsystems] Discovering subsystems at path C:/Users/jeonk/RE/ReStart/Assets
GfxDevice: creating device client; threaded=0; jobified=0
Direct3D:
    Version:  Direct3D 11.0 [level 11.1]
    Renderer: NVIDIA GeForce RTX 3050 Ti Laptop GPU (ID=0x25a0)
    Vendor:   NVIDIA
    VRAM:     3990 MB
    Driver:   30.0.15.1278
Initialize mono
Mono path[0] = 'C:/Program Files/Unity 2021.2.19f1/Editor/Data/Managed'
Mono path[1] = 'C:/Program Files/Unity 2021.2.19f1/Editor/Data/MonoBleedingEdge/lib/mono/unityjit-win32'
Mono config path = 'C:/Program Files/Unity 2021.2.19f1/Editor/Data/MonoBleedingEdge/etc'
Using monoOptions --debugger-agent=transport=dt_socket,embedding=1,server=y,suspend=n,address=127.0.0.1:56260
Begin MonoManager ReloadAssembly
Registering precompiled unity dll's ...
Register platform support module: C:/Program Files/Unity 2021.2.19f1/Editor/Data/PlaybackEngines/WindowsStandaloneSupport/UnityEditor.WindowsStandalone.Extensions.dll
Registered in 0.007175 seconds.
Native extension for WindowsStandalone target not found
Refreshing native plugins compatible for Editor in 195.60 ms, found 6 plugins.
Preloading 0 native plugins for Editor in 0.00 ms.
Mono: successfully reloaded assembly
- Completed reload, in  0.760 seconds
Domain Reload Profiling:
	ReloadAssembly (761ms)
		BeginReloadAssembly (81ms)
			ExecutionOrderSort (0ms)
			DisableScriptedObjects (0ms)
			BackupInstance (0ms)
			ReleaseScriptingObjects (0ms)
			CreateAndSetChildDomain (1ms)
		EndReloadAssembly (567ms)
			LoadAssemblies (77ms)
			RebuildTransferFunctionScriptingTraits (0ms)
			SetupTypeCache (105ms)
			ReleaseScriptCaches (0ms)
			RebuildScriptCaches (24ms)
			SetupLoadedEditorAssemblies (384ms)
				LogAssemblyErrors (0ms)
				InitializePlatformSupportModulesInManaged (8ms)
				SetLoadedEditorAssemblies (0ms)
				RefreshPlugins (196ms)
				BeforeProcessingInitializeOnLoad (1ms)
				ProcessInitializeOnLoadAttributes (128ms)
				ProcessInitializeOnLoadMethodAttributes (50ms)
				AfterProcessingInitializeOnLoad (0ms)
				EditorAssembliesLoaded (0ms)
			ExecutionOrderSort2 (0ms)
			AwakeInstancesAfterBackupRestoration (0ms)
Platform modules already initialized, skipping
Registering precompiled user dll's ...
Registered in 0.011888 seconds.
Begin MonoManager ReloadAssembly
Symbol file LoadedFromMemory doesn't match image C:\Users\jeonk\RE\ReStart\Library\PackageCache\com.unity.visualscripting@1.7.6\Editor\VisualScripting.Core\Dependencies\YamlDotNet\Unity.VisualScripting.YamlDotNet.dll
Symbol file LoadedFromMemory is not a mono symbol file
Symbol file LoadedFromMemory doesn't match image C:\Users\jeonk\RE\ReStart\Library\PackageCache\com.unity.visualscripting@1.7.6\Editor\VisualScripting.Core\Dependencies\DotNetZip\Unity.VisualScripting.IonicZip.dll
Native extension for WindowsStandalone target not found
Refreshing native plugins compatible for Editor in 177.20 ms, found 6 plugins.
Preloading 0 native plugins for Editor in 0.00 ms.
Mono: successfully reloaded assembly
- Completed reload, in  1.402 seconds
Domain Reload Profiling:
	ReloadAssembly (1403ms)
		BeginReloadAssembly (109ms)
			ExecutionOrderSort (0ms)
			DisableScriptedObjects (5ms)
			BackupInstance (0ms)
			ReleaseScriptingObjects (0ms)
			CreateAndSetChildDomain (19ms)
		EndReloadAssembly (1171ms)
			LoadAssemblies (102ms)
			RebuildTransferFunctionScriptingTraits (0ms)
			SetupTypeCache (250ms)
			ReleaseScriptCaches (1ms)
			RebuildScriptCaches (80ms)
			SetupLoadedEditorAssemblies (696ms)
				LogAssemblyErrors (0ms)
				InitializePlatformSupportModulesInManaged (4ms)
				SetLoadedEditorAssemblies (0ms)
				RefreshPlugins (177ms)
				BeforeProcessingInitializeOnLoad (126ms)
				ProcessInitializeOnLoadAttributes (281ms)
				ProcessInitializeOnLoadMethodAttributes (93ms)
				AfterProcessingInitializeOnLoad (13ms)
				EditorAssembliesLoaded (0ms)
			ExecutionOrderSort2 (0ms)
			AwakeInstancesAfterBackupRestoration (6ms)
Platform modules already initialized, skipping
========================================================================
Worker process is ready to serve import requests
Launched and connected shader compiler UnityShaderCompiler.exe after 0.04 seconds
Refreshing native plugins compatible for Editor in 1.73 ms, found 6 plugins.
Preloading 0 native plugins for Editor in 0.00 ms.
Unloading 6271 Unused Serialized files (Serialized files now loaded: 0)
Unloading 44 unused Assets / (1.4 MB). Loaded Objects now: 6727.
Memory consumption went from 290.7 MB to 289.3 MB.
Total: 4.454000 ms (FindLiveObjects: 0.445200 ms CreateObjectMapping: 0.431400 ms MarkObjects: 3.084400 ms  DeleteObjects: 0.492100 ms)

AssetImportParameters requested are different than current active one (requested -> active):
  custom:video-decoder-ogg-theora: a1e56fd34408186e4bbccfd4996cb3dc -> 
  custom:container-muxer-webm: aa71ff27fc2769a1b78a27578f13a17b -> 
  custom:container-demuxer-webm: 4f35f7cbe854078d1ac9338744f61a02 -> 
  custom:video-encoder-webm-vp8: eb34c28f22e8b96e1ab97ce403110664 -> 
  custom:audio-encoder-webm-vorbis: bf7c407c2cedff20999df2af8eb42d56 -> 
  custom:framework-win-MediaFoundation: 216162199b28c13a410421893ffa2e32 -> 
  custom:container-demuxer-ogg: 62fdf1f143b41e24485cea50d1cbac27 -> 
  custom:video-decoder-webm-vp8: 9c59270c3fd7afecdb556c50c9e8de78 -> 
  custom:audio-decoder-ogg-vorbis: bf7c407c2cedff20999df2af8eb42d56 -> 
========================================================================
Received Prepare
Registering precompiled user dll's ...
Registered in 0.009844 seconds.
Begin MonoManager ReloadAssembly
Symbol file LoadedFromMemory doesn't match image C:\Users\jeonk\RE\ReStart\Library\PackageCache\com.unity.visualscripting@1.7.6\Editor\VisualScripting.Core\Dependencies\YamlDotNet\Unity.VisualScripting.YamlDotNet.dll
Symbol file LoadedFromMemory is not a mono symbol file
Symbol file LoadedFromMemory doesn't match image C:\Users\jeonk\RE\ReStart\Library\PackageCache\com.unity.visualscripting@1.7.6\Editor\VisualScripting.Core\Dependencies\DotNetZip\Unity.VisualScripting.IonicZip.dll
Native extension for WindowsStandalone target not found
Refreshing native plugins compatible for Editor in 2.13 ms, found 6 plugins.
Preloading 0 native plugins for Editor in 0.00 ms.
Mono: successfully reloaded assembly
- Completed reload, in  1.313 seconds
Domain Reload Profiling:
	ReloadAssembly (1314ms)
		BeginReloadAssembly (136ms)
			ExecutionOrderSort (0ms)
			DisableScriptedObjects (8ms)
			BackupInstance (0ms)
			ReleaseScriptingObjects (0ms)
			CreateAndSetChildDomain (41ms)
		EndReloadAssembly (1078ms)
			LoadAssemblies (96ms)
			RebuildTransferFunctionScriptingTraits (0ms)
			SetupTypeCache (246ms)
			ReleaseScriptCaches (8ms)
			RebuildScriptCaches (85ms)
			SetupLoadedEditorAssemblies (563ms)
				LogAssemblyErrors (0ms)
				InitializePlatformSupportModulesInManaged (16ms)
				SetLoadedEditorAssemblies (1ms)
				RefreshPlugins (2ms)
				BeforeProcessingInitializeOnLoad (132ms)
				ProcessInitializeOnLoadAttributes (298ms)
				ProcessInitializeOnLoadMethodAttributes (101ms)
				AfterProcessingInitializeOnLoad (13ms)
				EditorAssembliesLoaded (0ms)
			ExecutionOrderSort2 (0ms)
			AwakeInstancesAfterBackupRestoration (16ms)
Platform modules already initialized, skipping
Refreshing native plugins compatible for Editor in 5.35 ms, found 6 plugins.
Preloading 0 native plugins for Editor in 0.00 ms.
Unloading 5909 Unused Serialized files (Serialized files now loaded: 0)
Unloading 32 unused Assets / (1.4 MB). Loaded Objects now: 6730.
Memory consumption went from 263.7 MB to 262.3 MB.
Total: 4.397300 ms (FindLiveObjects: 0.434600 ms CreateObjectMapping: 0.424300 ms MarkObjects: 3.048500 ms  DeleteObjects: 0.489300 ms)

AssetImportParameters requested are different than current active one (requested -> active):
  custom:video-decoder-ogg-theora: a1e56fd34408186e4bbccfd4996cb3dc -> 
  custom:container-muxer-webm: aa71ff27fc2769a1b78a27578f13a17b -> 
  custom:container-demuxer-webm: 4f35f7cbe854078d1ac9338744f61a02 -> 
  custom:video-encoder-webm-vp8: eb34c28f22e8b96e1ab97ce403110664 -> 
  custom:audio-encoder-webm-vorbis: bf7c407c2cedff20999df2af8eb42d56 -> 
  custom:framework-win-MediaFoundation: 216162199b28c13a410421893ffa2e32 -> 
  custom:container-demuxer-ogg: 62fdf1f143b41e24485cea50d1cbac27 -> 
  custom:video-decoder-webm-vp8: 9c59270c3fd7afecdb556c50c9e8de78 -> 
  custom:audio-decoder-ogg-vorbis: bf7c407c2cedff20999df2af8eb42d56 -> 
========================================================================
Received Prepare
Registering precompiled user dll's ...
Registered in 0.009932 seconds.
Begin MonoManager ReloadAssembly
Symbol file LoadedFromMemory doesn't match image C:\Users\jeonk\RE\ReStart\Library\PackageCache\com.unity.visualscripting@1.7.6\Editor\VisualScripting.Core\Dependencies\YamlDotNet\Unity.VisualScripting.YamlDotNet.dll
Symbol file LoadedFromMemory is not a mono symbol file
Symbol file LoadedFromMemory doesn't match image C:\Users\jeonk\RE\ReStart\Library\PackageCache\com.unity.visualscripting@1.7.6\Editor\VisualScripting.Core\Dependencies\DotNetZip\Unity.VisualScripting.IonicZip.dll
Native extension for WindowsStandalone target not found
Refreshing native plugins compatible for Editor in 2.00 ms, found 6 plugins.
Preloading 0 native plugins for Editor in 0.00 ms.
Mono: successfully reloaded assembly
- Completed reload, in  1.363 seconds
Domain Reload Profiling:
	ReloadAssembly (1364ms)
		BeginReloadAssembly (142ms)
			ExecutionOrderSort (0ms)
			DisableScriptedObjects (6ms)
			BackupInstance (0ms)
			ReleaseScriptingObjects (0ms)
			CreateAndSetChildDomain (46ms)
		EndReloadAssembly (1122ms)
			LoadAssemblies (98ms)
			RebuildTransferFunctionScriptingTraits (0ms)
			SetupTypeCache (262ms)
			ReleaseScriptCaches (3ms)
			RebuildScriptCaches (92ms)
			SetupLoadedEditorAssemblies (575ms)
				LogAssemblyErrors (0ms)
				InitializePlatformSupportModulesInManaged (16ms)
				SetLoadedEditorAssemblies (0ms)
				RefreshPlugins (2ms)
				BeforeProcessingInitializeOnLoad (131ms)
				ProcessInitializeOnLoadAttributes (308ms)
				ProcessInitializeOnLoadMethodAttributes (103ms)
				AfterProcessingInitializeOnLoad (15ms)
				EditorAssembliesLoaded (0ms)
			ExecutionOrderSort2 (0ms)
			AwakeInstancesAfterBackupRestoration (22ms)
Platform modules already initialized, skipping
Refreshing native plugins compatible for Editor in 6.59 ms, found 6 plugins.
Preloading 0 native plugins for Editor in 0.00 ms.
Unloading 5909 Unused Serialized files (Serialized files now loaded: 0)
Unloading 32 unused Assets / (1.4 MB). Loaded Objects now: 6733.
Memory consumption went from 263.7 MB to 262.3 MB.
Total: 4.907900 ms (FindLiveObjects: 0.481300 ms CreateObjectMapping: 0.470400 ms MarkObjects: 3.299200 ms  DeleteObjects: 0.655700 ms)

AssetImportParameters requested are different than current active one (requested -> active):
  custom:video-decoder-ogg-theora: a1e56fd34408186e4bbccfd4996cb3dc -> 
  custom:container-muxer-webm: aa71ff27fc2769a1b78a27578f13a17b -> 
  custom:container-demuxer-webm: 4f35f7cbe854078d1ac9338744f61a02 -> 
  custom:video-encoder-webm-vp8: eb34c28f22e8b96e1ab97ce403110664 -> 
  custom:audio-encoder-webm-vorbis: bf7c407c2cedff20999df2af8eb42d56 -> 
  custom:framework-win-MediaFoundation: 216162199b28c13a410421893ffa2e32 -> 
  custom:container-demuxer-ogg: 62fdf1f143b41e24485cea50d1cbac27 -> 
  custom:video-decoder-webm-vp8: 9c59270c3fd7afecdb556c50c9e8de78 -> 
  custom:audio-decoder-ogg-vorbis: bf7c407c2cedff20999df2af8eb42d56 -> 
========================================================================
Received Import Request.
  Time since last request: 35757.848435 seconds.
  path: Assets/[Resource]_Wankyu/Scene/#3_Fighter_Black.unity
  artifactKey: Guid(19ffb8899c76a5a4c88c584a36a0d6aa) Importer(815301076,1909f56bfc062723c751e8b465ee728b)
Start importing Assets/[Resource]_Wankyu/Scene/#3_Fighter_Black.unity using Guid(19ffb8899c76a5a4c88c584a36a0d6aa) Importer(815301076,1909f56bfc062723c751e8b465ee728b)  -> (artifact id: '0f6eb694f55f73ff363ac378e630f2ed') in 0.016739 seconds 
========================================================================
Received Prepare
Registering precompiled user dll's ...
Registered in 0.010134 seconds.
Begin MonoManager ReloadAssembly
Symbol file LoadedFromMemory doesn't match image C:\Users\jeonk\RE\ReStart\Library\PackageCache\com.unity.visualscripting@1.7.6\Editor\VisualScripting.Core\Dependencies\YamlDotNet\Unity.VisualScripting.YamlDotNet.dll
Symbol file LoadedFromMemory is not a mono symbol file
Symbol file LoadedFromMemory doesn't match image C:\Users\jeonk\RE\ReStart\Library\PackageCache\com.unity.visualscripting@1.7.6\Editor\VisualScripting.Core\Dependencies\DotNetZip\Unity.VisualScripting.IonicZip.dll
Native extension for WindowsStandalone target not found
Refreshing native plugins compatible for Editor in 1.93 ms, found 6 plugins.
Preloading 0 native plugins for Editor in 0.00 ms.
Mono: successfully reloaded assembly
- Completed reload, in  1.250 seconds
Domain Reload Profiling:
	ReloadAssembly (1250ms)
		BeginReloadAssembly (133ms)
			ExecutionOrderSort (0ms)
			DisableScriptedObjects (6ms)
			BackupInstance (0ms)
			ReleaseScriptingObjects (0ms)
			CreateAndSetChildDomain (40ms)
		EndReloadAssembly (1022ms)
			LoadAssemblies (102ms)
			RebuildTransferFunctionScriptingTraits (0ms)
			SetupTypeCache (214ms)
			ReleaseScriptCaches (3ms)
			RebuildScriptCaches (68ms)
			SetupLoadedEditorAssemblies (558ms)
				LogAssemblyErrors (0ms)
				InitializePlatformSupportModulesInManaged (12ms)
				SetLoadedEditorAssemblies (0ms)
				RefreshPlugins (2ms)
				BeforeProcessingInitializeOnLoad (123ms)
				ProcessInitializeOnLoadAttributes (301ms)
				ProcessInitializeOnLoadMethodAttributes (103ms)
				AfterProcessingInitializeOnLoad (16ms)
				EditorAssembliesLoaded (0ms)
			ExecutionOrderSort2 (0ms)
			AwakeInstancesAfterBackupRestoration (21ms)
Platform modules already initialized, skipping
Refreshing native plugins compatible for Editor in 7.00 ms, found 6 plugins.
Preloading 0 native plugins for Editor in 0.00 ms.
Unloading 5909 Unused Serialized files (Serialized files now loaded: 0)
Unloading 32 unused Assets / (1.4 MB). Loaded Objects now: 6736.
Memory consumption went from 263.7 MB to 262.3 MB.
Total: 8.251100 ms (FindLiveObjects: 2.781800 ms CreateObjectMapping: 1.339000 ms MarkObjects: 3.593100 ms  DeleteObjects: 0.535600 ms)

AssetImportParameters requested are different than current active one (requested -> active):
  custom:video-decoder-ogg-theora: a1e56fd34408186e4bbccfd4996cb3dc -> 
  custom:container-muxer-webm: aa71ff27fc2769a1b78a27578f13a17b -> 
  custom:container-demuxer-webm: 4f35f7cbe854078d1ac9338744f61a02 -> 
  custom:video-encoder-webm-vp8: eb34c28f22e8b96e1ab97ce403110664 -> 
  custom:audio-encoder-webm-vorbis: bf7c407c2cedff20999df2af8eb42d56 -> 
  custom:framework-win-MediaFoundation: 216162199b28c13a410421893ffa2e32 -> 
  custom:container-demuxer-ogg: 62fdf1f143b41e24485cea50d1cbac27 -> 
  custom:video-decoder-webm-vp8: 9c59270c3fd7afecdb556c50c9e8de78 -> 
  custom:audio-decoder-ogg-vorbis: bf7c407c2cedff20999df2af8eb42d56 -> 
========================================================================
Received Import Request.
  Time since last request: 46.462387 seconds.
  path: Assets/[Resource]_Wankyu/Scene/#4_Gunslinger.unity
  artifactKey: Guid(bcf2d5b4194edf14bbef80853a2b8c31) Importer(815301076,1909f56bfc062723c751e8b465ee728b)
Start importing Assets/[Resource]_Wankyu/Scene/#4_Gunslinger.unity using Guid(bcf2d5b4194edf14bbef80853a2b8c31) Importer(815301076,1909f56bfc062723c751e8b465ee728b)  -> (artifact id: '9cf34ddf8592aebe9d6917537a331871') in 0.016839 seconds 
========================================================================
Received Prepare
Registering precompiled user dll's ...
Registered in 0.009858 seconds.
Begin MonoManager ReloadAssembly
Symbol file LoadedFromMemory doesn't match image C:\Users\jeonk\RE\ReStart\Library\PackageCache\com.unity.visualscripting@1.7.6\Editor\VisualScripting.Core\Dependencies\YamlDotNet\Unity.VisualScripting.YamlDotNet.dll
Symbol file LoadedFromMemory is not a mono symbol file
Symbol file LoadedFromMemory doesn't match image C:\Users\jeonk\RE\ReStart\Library\PackageCache\com.unity.visualscripting@1.7.6\Editor\VisualScripting.Core\Dependencies\DotNetZip\Unity.VisualScripting.IonicZip.dll
Native extension for WindowsStandalone target not found
Refreshing native plugins compatible for Editor in 2.18 ms, found 6 plugins.
Preloading 0 native plugins for Editor in 0.00 ms.
Mono: successfully reloaded assembly
- Completed reload, in  1.297 seconds
Domain Reload Profiling:
	ReloadAssembly (1297ms)
		BeginReloadAssembly (137ms)
			ExecutionOrderSort (0ms)
			DisableScriptedObjects (8ms)
			BackupInstance (0ms)
			ReleaseScriptingObjects (0ms)
			CreateAndSetChildDomain (41ms)
		EndReloadAssembly (1061ms)
			LoadAssemblies (100ms)
			RebuildTransferFunctionScriptingTraits (0ms)
			SetupTypeCache (229ms)
			ReleaseScriptCaches (3ms)
			RebuildScriptCaches (78ms)
			SetupLoadedEditorAssemblies (571ms)
				LogAssemblyErrors (0ms)
				InitializePlatformSupportModulesInManaged (15ms)
				SetLoadedEditorAssemblies (1ms)
				RefreshPlugins (2ms)
				BeforeProcessingInitializeOnLoad (134ms)
				ProcessInitializeOnLoadAttributes (289ms)
				ProcessInitializeOnLoadMethodAttributes (114ms)
				AfterProcessingInitializeOnLoad (16ms)
				EditorAssembliesLoaded (0ms)
			ExecutionOrderSort2 (0ms)
			AwakeInstancesAfterBackupRestoration (20ms)
Platform modules already initialized, skipping
Refreshing native plugins compatible for Editor in 5.36 ms, found 6 plugins.
Preloading 0 native plugins for Editor in 0.00 ms.
Unloading 5909 Unused Serialized files (Serialized files now loaded: 0)
Unloading 32 unused Assets / (1.4 MB). Loaded Objects now: 6739.
Memory consumption went from 263.7 MB to 262.3 MB.
Total: 5.281500 ms (FindLiveObjects: 0.631900 ms CreateObjectMapping: 0.567000 ms MarkObjects: 3.487900 ms  DeleteObjects: 0.593600 ms)

AssetImportParameters requested are different than current active one (requested -> active):
  custom:video-decoder-ogg-theora: a1e56fd34408186e4bbccfd4996cb3dc -> 
  custom:container-muxer-webm: aa71ff27fc2769a1b78a27578f13a17b -> 
  custom:container-demuxer-webm: 4f35f7cbe854078d1ac9338744f61a02 -> 
  custom:video-encoder-webm-vp8: eb34c28f22e8b96e1ab97ce403110664 -> 
  custom:audio-encoder-webm-vorbis: bf7c407c2cedff20999df2af8eb42d56 -> 
  custom:framework-win-MediaFoundation: 216162199b28c13a410421893ffa2e32 -> 
  custom:container-demuxer-ogg: 62fdf1f143b41e24485cea50d1cbac27 -> 
  custom:video-decoder-webm-vp8: 9c59270c3fd7afecdb556c50c9e8de78 -> 
  custom:audio-decoder-ogg-vorbis: bf7c407c2cedff20999df2af8eb42d56 -> 
========================================================================
Received Import Request.
  Time since last request: 38.394576 seconds.
  path: Assets/[Resource]_Wankyu/Scene/#5_Magician_Book.unity
  artifactKey: Guid(6a92f8a27d9ae3f458a3b65aae411942) Importer(815301076,1909f56bfc062723c751e8b465ee728b)
Start importing Assets/[Resource]_Wankyu/Scene/#5_Magician_Book.unity using Guid(6a92f8a27d9ae3f458a3b65aae411942) Importer(815301076,1909f56bfc062723c751e8b465ee728b)  -> (artifact id: 'e962c360624371b7926f53193ce5f3e3') in 0.016904 seconds 
========================================================================
Received Import Request.
  Time since last request: 57.941324 seconds.
  path: Assets/[Resource]_Wankyu/Tex/ETC/ETC_Tile_05.jpg
  artifactKey: Guid(694f0f722df3bea458befb3f931b9c07) Importer(815301076,1909f56bfc062723c751e8b465ee728b)
Start importing Assets/[Resource]_Wankyu/Tex/ETC/ETC_Tile_05.jpg using Guid(694f0f722df3bea458befb3f931b9c07) Importer(815301076,1909f56bfc062723c751e8b465ee728b)  -> (artifact id: '0cf577fd453e8b52bc53802fe95b88be') in 0.132415 seconds 
========================================================================
Received Import Request.
  Time since last request: 0.000027 seconds.
  path: Assets/Resources/FX/Texture/FXt_Mask_GlowSquare_03.png
  artifactKey: Guid(80ef750f2b87e5849b1587904a4d0675) Importer(815301076,1909f56bfc062723c751e8b465ee728b)
Start importing Assets/Resources/FX/Texture/FXt_Mask_GlowSquare_03.png using Guid(80ef750f2b87e5849b1587904a4d0675) Importer(815301076,1909f56bfc062723c751e8b465ee728b)  -> (artifact id: 'bfd6babf292f263eab8fa1363ec54c68') in 0.018193 seconds 
========================================================================
Received Import Request.
  Time since last request: 13.449807 seconds.
  path: Assets/[Resource]_Wankyu/Tex/ETC/ETC_Proj_Ball_00.png
  artifactKey: Guid(35351aef466af5b43b21abb320e705b0) Importer(815301076,1909f56bfc062723c751e8b465ee728b)
Start importing Assets/[Resource]_Wankyu/Tex/ETC/ETC_Proj_Ball_00.png using Guid(35351aef466af5b43b21abb320e705b0) Importer(815301076,1909f56bfc062723c751e8b465ee728b)  -> (artifact id: 'a4ba85944133236f98d7acb47cf06d69') in 0.024299 seconds 
========================================================================
Received Import Request.
  Time since last request: 0.000021 seconds.
  path: Assets/[Resource]_Wankyu/Tex/ETC/ETC_UV_04.png
  artifactKey: Guid(57c00aef0c2bcfc43803c73ff2727b74) Importer(815301076,1909f56bfc062723c751e8b465ee728b)
Start importing Assets/[Resource]_Wankyu/Tex/ETC/ETC_UV_04.png using Guid(57c00aef0c2bcfc43803c73ff2727b74) Importer(815301076,1909f56bfc062723c751e8b465ee728b)  -> (artifact id: '631f309f01ae6718bc03c71847f581c3') in 0.035176 seconds 
========================================================================
Received Import Request.
  Time since last request: 0.000024 seconds.
  path: Assets/[Resource]_Wankyu/Tex/ETC/ETC_Proj_Weapon_00.png
  artifactKey: Guid(8002f870820dba343b58b85a3b772226) Importer(815301076,1909f56bfc062723c751e8b465ee728b)
Start importing Assets/[Resource]_Wankyu/Tex/ETC/ETC_Proj_Weapon_00.png using Guid(8002f870820dba343b58b85a3b772226) Importer(815301076,1909f56bfc062723c751e8b465ee728b)  -> (artifact id: 'e601d2cd0b62511ee8e0db51b6bba3e4') in 0.032728 seconds 
========================================================================
Received Import Request.
  Time since last request: 0.000028 seconds.
  path: Assets/[Resource]_Wankyu/Tex/ETC/ETC_UV_07.png
  artifactKey: Guid(1a2adf6bab8b511469a8fa43b15c5ab3) Importer(815301076,1909f56bfc062723c751e8b465ee728b)
Start importing Assets/[Resource]_Wankyu/Tex/ETC/ETC_UV_07.png using Guid(1a2adf6bab8b511469a8fa43b15c5ab3) Importer(815301076,1909f56bfc062723c751e8b465ee728b)  -> (artifact id: 'f9b60a0fb19daeb29254f442f05bd889') in 0.020611 seconds 
========================================================================
Received Import Request.
  Time since last request: 0.000025 seconds.
  path: Assets/[Resource]_Wankyu/Tex/ETC/ETC_UV_08.png
  artifactKey: Guid(59dffe2e0b9f39247a5f18278532a4af) Importer(815301076,1909f56bfc062723c751e8b465ee728b)
Start importing Assets/[Resource]_Wankyu/Tex/ETC/ETC_UV_08.png using Guid(59dffe2e0b9f39247a5f18278532a4af) Importer(815301076,1909f56bfc062723c751e8b465ee728b)  -> (artifact id: '042e94bbf5ba94bcfeb8bb56666dc1ee') in 0.028622 seconds 
========================================================================
Received Import Request.
  Time since last request: 0.000024 seconds.
  path: Assets/[Resource]_Wankyu/Tex/ETC/ETC_UV_13.png
  artifactKey: Guid(233aea9169ba2bc4fb117500d2bb593e) Importer(815301076,1909f56bfc062723c751e8b465ee728b)
Start importing Assets/[Resource]_Wankyu/Tex/ETC/ETC_UV_13.png using Guid(233aea9169ba2bc4fb117500d2bb593e) Importer(815301076,1909f56bfc062723c751e8b465ee728b)  -> (artifact id: '100fb5a79ecc285e4dbd672f5ce96f21') in 0.023030 seconds 
========================================================================
Received Import Request.
  Time since last request: 0.000022 seconds.
  path: Assets/[Resource]_Wankyu/Tex/ETC/ETC_UV_11.png
  artifactKey: Guid(385bea5afe9e81e41930fb2b95967e5e) Importer(815301076,1909f56bfc062723c751e8b465ee728b)
Start importing Assets/[Resource]_Wankyu/Tex/ETC/ETC_UV_11.png using Guid(385bea5afe9e81e41930fb2b95967e5e) Importer(815301076,1909f56bfc062723c751e8b465ee728b)  -> (artifact id: '506b1d67b2c8e0d38412726ce0989176') in 0.020982 seconds 
========================================================================
Received Import Request.
  Time since last request: 0.000022 seconds.
  path: Assets/[Resource]_Wankyu/Tex/ETC/ETC_Proj_Ball_03.png
  artifactKey: Guid(2100b227af6e54e4a842ae988c0c4bae) Importer(815301076,1909f56bfc062723c751e8b465ee728b)
Start importing Assets/[Resource]_Wankyu/Tex/ETC/ETC_Proj_Ball_03.png using Guid(2100b227af6e54e4a842ae988c0c4bae) Importer(815301076,1909f56bfc062723c751e8b465ee728b)  -> (artifact id: 'b0c3750c3698f07d460963f59c41fa9a') in 0.026730 seconds 
========================================================================
Received Import Request.
  Time since last request: 0.000020 seconds.
  path: Assets/[Resource]_Wankyu/Tex/ETC/ETC_UV_01.png
  artifactKey: Guid(d14ef3637088e1c4d8a2ecdd3b5284f0) Importer(815301076,1909f56bfc062723c751e8b465ee728b)
Start importing Assets/[Resource]_Wankyu/Tex/ETC/ETC_UV_01.png using Guid(d14ef3637088e1c4d8a2ecdd3b5284f0) Importer(815301076,1909f56bfc062723c751e8b465ee728b)  -> (artifact id: '18eed995a0800cedefa10bb2caede587') in 0.016266 seconds 
========================================================================
Received Import Request.
  Time since last request: 0.000020 seconds.
  path: Assets/Resources/Plugins/Vefects/Flipbook VFX/Shared/Textures/Sparks/FB_2x2_RGC_dirSparks_02.tga
  artifactKey: Guid(f74f0aa0b2df3ff4a8a1d969e85753cc) Importer(815301076,1909f56bfc062723c751e8b465ee728b)
Start importing Assets/Resources/Plugins/Vefects/Flipbook VFX/Shared/Textures/Sparks/FB_2x2_RGC_dirSparks_02.tga using Guid(f74f0aa0b2df3ff4a8a1d969e85753cc) Importer(815301076,1909f56bfc062723c751e8b465ee728b)  -> (artifact id: '25969084e4e69fab144786830365d0bc') in 0.030568 seconds 
========================================================================
Received Import Request.
  Time since last request: 0.000028 seconds.
  path: Assets/[Resource]_Wankyu/Tex/ETC/ETC_Proj_Card_01.png
  artifactKey: Guid(5390cbaa0e916644fbd7eb12e51d0eb7) Importer(815301076,1909f56bfc062723c751e8b465ee728b)
Start importing Assets/[Resource]_Wankyu/Tex/ETC/ETC_Proj_Card_01.png using Guid(5390cbaa0e916644fbd7eb12e51d0eb7) Importer(815301076,1909f56bfc062723c751e8b465ee728b)  -> (artifact id: 'fb1f5e31ecfd317b2ca405f5e8037c4c') in 0.029891 seconds 
========================================================================
Received Import Request.
  Time since last request: 0.000027 seconds.
  path: Assets/[Resource]_Wankyu/Tex/ETC/ETC_Proj_Ball_04.png
  artifactKey: Guid(58ea9aa0a4ea20a439985d9dd7605135) Importer(815301076,1909f56bfc062723c751e8b465ee728b)
Start importing Assets/[Resource]_Wankyu/Tex/ETC/ETC_Proj_Ball_04.png using Guid(58ea9aa0a4ea20a439985d9dd7605135) Importer(815301076,1909f56bfc062723c751e8b465ee728b)  -> (artifact id: '6ba0d6539bf4f4c3e8a680e413d1cb1b') in 0.018974 seconds 
========================================================================
Received Import Request.
  Time since last request: 0.000028 seconds.
  path: Assets/[Resource]_Wankyu/Tex/ETC/ETC_UV_06.png
  artifactKey: Guid(1374a243237cf0a4bb6c8c265c134046) Importer(815301076,1909f56bfc062723c751e8b465ee728b)
Start importing Assets/[Resource]_Wankyu/Tex/ETC/ETC_UV_06.png using Guid(1374a243237cf0a4bb6c8c265c134046) Importer(815301076,1909f56bfc062723c751e8b465ee728b)  -> (artifact id: '84a05d4dbb05fa1e578c71ddd33cd4cd') in 0.015547 seconds 
========================================================================
Received Import Request.
  Time since last request: 0.000028 seconds.
  path: Assets/[Resource]_Wankyu/Tex/ETC/ETC_Proj_Card_00.png
  artifactKey: Guid(42ac1815cd68d9b42896bef8a5d7a2d2) Importer(815301076,1909f56bfc062723c751e8b465ee728b)
Start importing Assets/[Resource]_Wankyu/Tex/ETC/ETC_Proj_Card_00.png using Guid(42ac1815cd68d9b42896bef8a5d7a2d2) Importer(815301076,1909f56bfc062723c751e8b465ee728b)  -> (artifact id: '1b852d18588350c0bed7a4dd84dbb3b3') in 0.021525 seconds 
========================================================================
Received Import Request.
  Time since last request: 0.000030 seconds.
  path: Assets/[Resource]_Wankyu/Tex/ETC/ETC_UV_12.png
  artifactKey: Guid(de1cefb7cb152c14a88d884f2b951ed2) Importer(815301076,1909f56bfc062723c751e8b465ee728b)
Start importing Assets/[Resource]_Wankyu/Tex/ETC/ETC_UV_12.png using Guid(de1cefb7cb152c14a88d884f2b951ed2) Importer(815301076,1909f56bfc062723c751e8b465ee728b)  -> (artifact id: 'd7bd3934c5eca68815f84b62daafe97c') in 0.015802 seconds 
========================================================================
Received Import Request.
  Time since last request: 2.411128 seconds.
  path: Assets/[Resource]_Wankyu/Tex/Flare/TX_Ring_22.png
  artifactKey: Guid(ae6770c0b2959e544a5b2c54c11afc25) Importer(815301076,1909f56bfc062723c751e8b465ee728b)
Start importing Assets/[Resource]_Wankyu/Tex/Flare/TX_Ring_22.png using Guid(ae6770c0b2959e544a5b2c54c11afc25) Importer(815301076,1909f56bfc062723c751e8b465ee728b)  -> (artifact id: '9562e41c6d12f2b3a9c668bbc5fef0b4') in 0.020164 seconds 
========================================================================
Received Import Request.
  Time since last request: 0.000021 seconds.
  path: Assets/[Resource]_Wankyu/Tex/Flare/TX_Ring_28.dds
  artifactKey: Guid(9308fe69abf32324da8dc991043d0a3f) Importer(815301076,1909f56bfc062723c751e8b465ee728b)
Start importing Assets/[Resource]_Wankyu/Tex/Flare/TX_Ring_28.dds using Guid(9308fe69abf32324da8dc991043d0a3f) Importer(815301076,1909f56bfc062723c751e8b465ee728b)  -> (artifact id: '666d4d0c8192670a9c28c4f0bad772d8') in 0.026969 seconds 
========================================================================
Received Import Request.
  Time since last request: 0.000027 seconds.
  path: Assets/[Resource]_Wankyu/Tex/Mask_Noise/TX_Tile_02.png
  artifactKey: Guid(cd82c9469e4e5744ea862d23b7c652c5) Importer(815301076,1909f56bfc062723c751e8b465ee728b)
Start importing Assets/[Resource]_Wankyu/Tex/Mask_Noise/TX_Tile_02.png using Guid(cd82c9469e4e5744ea862d23b7c652c5) Importer(815301076,1909f56bfc062723c751e8b465ee728b)  -> (artifact id: 'add61a63670ee86e48faa329bef04ee8') in 0.017199 seconds 
========================================================================
Received Import Request.
  Time since last request: 0.000027 seconds.
  path: Assets/[Resource]_Wankyu/Tex/Mask_Noise/TX_Tile_04.tga
  artifactKey: Guid(f3f551e8f1ccfc940b8e2e9fde33b7a2) Importer(815301076,1909f56bfc062723c751e8b465ee728b)
Start importing Assets/[Resource]_Wankyu/Tex/Mask_Noise/TX_Tile_04.tga using Guid(f3f551e8f1ccfc940b8e2e9fde33b7a2) Importer(815301076,1909f56bfc062723c751e8b465ee728b)  -> (artifact id: '449cb77aa1671d0c972d0ebaea21ff7e') in 0.016067 seconds 
========================================================================
Received Import Request.
  Time since last request: 0.000020 seconds.
  path: Assets/[Resource]_Wankyu/Tex/Mask_Noise/TX_Tile_16.png
  artifactKey: Guid(1443473364b510c44a9d28008d34cc3f) Importer(815301076,1909f56bfc062723c751e8b465ee728b)
Start importing Assets/[Resource]_Wankyu/Tex/Mask_Noise/TX_Tile_16.png using Guid(1443473364b510c44a9d28008d34cc3f) Importer(815301076,1909f56bfc062723c751e8b465ee728b)  -> (artifact id: '4364480eb0862fa7dcdf2fe6479dc05d') in 0.030733 seconds 
========================================================================
Received Import Request.
  Time since last request: 0.000018 seconds.
  path: Assets/[Resource]_Wankyu/Tex/Mask_Noise/TX_Tile_21.png
  artifactKey: Guid(d9f9707018b8d9c499493b95ac343f22) Importer(815301076,1909f56bfc062723c751e8b465ee728b)
Start importing Assets/[Resource]_Wankyu/Tex/Mask_Noise/TX_Tile_21.png using Guid(d9f9707018b8d9c499493b95ac343f22) Importer(815301076,1909f56bfc062723c751e8b465ee728b)  -> (artifact id: '0e99dea47e27cf22b475b01ba13ca605') in 0.016193 seconds 
========================================================================
Received Import Request.
  Time since last request: 0.000027 seconds.
  path: Assets/[Resource]_Wankyu/Tex/Mask_Noise/TX_Tile_17.png
  artifactKey: Guid(b7a73495671158a47ab280aeae0a1821) Importer(815301076,1909f56bfc062723c751e8b465ee728b)
Start importing Assets/[Resource]_Wankyu/Tex/Mask_Noise/TX_Tile_17.png using Guid(b7a73495671158a47ab280aeae0a1821) Importer(815301076,1909f56bfc062723c751e8b465ee728b)  -> (artifact id: '153035144dccae81359f3b6288b11a53') in 0.018634 seconds 
========================================================================
Received Import Request.
  Time since last request: 0.000030 seconds.
  path: Assets/[Resource]_Wankyu/Tex/Mask_Noise/TX_Tile_18.png
  artifactKey: Guid(bafcf100265adb94d826025c08c11b38) Importer(815301076,1909f56bfc062723c751e8b465ee728b)
Start importing Assets/[Resource]_Wankyu/Tex/Mask_Noise/TX_Tile_18.png using Guid(bafcf100265adb94d826025c08c11b38) Importer(815301076,1909f56bfc062723c751e8b465ee728b)  -> (artifact id: 'f17bf6e46d55b373b0fde7cb37d39dff') in 0.020289 seconds 
========================================================================
Received Import Request.
  Time since last request: 0.000035 seconds.
  path: Assets/[Resource]_Wankyu/Tex/Mask_Noise/TX_Tile_03.png
  artifactKey: Guid(7f6f72ef1451c0b46ae4b28322b26c2b) Importer(815301076,1909f56bfc062723c751e8b465ee728b)
Start importing Assets/[Resource]_Wankyu/Tex/Mask_Noise/TX_Tile_03.png using Guid(7f6f72ef1451c0b46ae4b28322b26c2b) Importer(815301076,1909f56bfc062723c751e8b465ee728b)  -> (artifact id: 'aa4b9deaebb41b4230d8aedc240ad244') in 0.026871 seconds 
========================================================================
Received Import Request.
  Time since last request: 0.000024 seconds.
  path: Assets/[Resource]_Wankyu/Tex/Mask_Noise/TX_Tile_12.png
  artifactKey: Guid(68390471b79397c47b8b8b86193215a7) Importer(815301076,1909f56bfc062723c751e8b465ee728b)
Start importing Assets/[Resource]_Wankyu/Tex/Mask_Noise/TX_Tile_12.png using Guid(68390471b79397c47b8b8b86193215a7) Importer(815301076,1909f56bfc062723c751e8b465ee728b)  -> (artifact id: 'd1488fbe195396d56bd5501ffefb79ec') in 0.024193 seconds 
========================================================================
Received Import Request.
  Time since last request: 0.000029 seconds.
  path: Assets/[Resource]_Wankyu/Tex/Flare/TX_Ring_26.png
  artifactKey: Guid(57e7d009b9aff6945a14ccd67eb97300) Importer(815301076,1909f56bfc062723c751e8b465ee728b)
Start importing Assets/[Resource]_Wankyu/Tex/Flare/TX_Ring_26.png using Guid(57e7d009b9aff6945a14ccd67eb97300) Importer(815301076,1909f56bfc062723c751e8b465ee728b)  -> (artifact id: '8bbe6873771b4a8c5d15d6f396f27802') in 0.016534 seconds 
========================================================================
Received Import Request.
  Time since last request: 0.000026 seconds.
  path: Assets/[Resource]_Wankyu/Tex/TX_Star_06.png
  artifactKey: Guid(e64953fdfd7e30442a2093d495166e00) Importer(815301076,1909f56bfc062723c751e8b465ee728b)
Start importing Assets/[Resource]_Wankyu/Tex/TX_Star_06.png using Guid(e64953fdfd7e30442a2093d495166e00) Importer(815301076,1909f56bfc062723c751e8b465ee728b)  -> (artifact id: 'd6fcbe1a9b95e8d5e80ac5d72025164a') in 0.022443 seconds 
========================================================================
Received Import Request.
  Time since last request: 0.000024 seconds.
  path: Assets/[Resource]_Wankyu/Tex/Mask_Noise/TX_Tile_11.png
  artifactKey: Guid(7854161e183244b45abb51e1fdac1035) Importer(815301076,1909f56bfc062723c751e8b465ee728b)
Start importing Assets/[Resource]_Wankyu/Tex/Mask_Noise/TX_Tile_11.png using Guid(7854161e183244b45abb51e1fdac1035) Importer(815301076,1909f56bfc062723c751e8b465ee728b)  -> (artifact id: 'd7146cc9ed3d283362979a8670ea8977') in 0.014579 seconds 
========================================================================
Received Import Request.
  Time since last request: 0.000029 seconds.
  path: Assets/[Resource]_Wankyu/Tex/Mask_Noise/TX_Tile_20.png
  artifactKey: Guid(01b331ac435b43e46ae9f8cb2c412a06) Importer(815301076,1909f56bfc062723c751e8b465ee728b)
Start importing Assets/[Resource]_Wankyu/Tex/Mask_Noise/TX_Tile_20.png using Guid(01b331ac435b43e46ae9f8cb2c412a06) Importer(815301076,1909f56bfc062723c751e8b465ee728b)  -> (artifact id: '810bbce5646bde5e0bcff033d28194fe') in 0.021473 seconds 
========================================================================
Received Import Request.
  Time since last request: 0.000028 seconds.
  path: Assets/[Resource]_Wankyu/Tex/Flare/TX_Ring_24.png
  artifactKey: Guid(6d3caac3e7fbb794e8d5e28ee06d0cfb) Importer(815301076,1909f56bfc062723c751e8b465ee728b)
Start importing Assets/[Resource]_Wankyu/Tex/Flare/TX_Ring_24.png using Guid(6d3caac3e7fbb794e8d5e28ee06d0cfb) Importer(815301076,1909f56bfc062723c751e8b465ee728b)  -> (artifact id: 'cb181a5af65bd13d69b58c3863bfffef') in 0.015894 seconds 
========================================================================
Received Import Request.
  Time since last request: 12.924585 seconds.
  path: Assets/[Resource]_Wankyu/Tex/Mask_Noise/TX_Tile_24.tga
  artifactKey: Guid(bb0e4b0e483fa9a48bedde874bdb1662) Importer(815301076,1909f56bfc062723c751e8b465ee728b)
Start importing Assets/[Resource]_Wankyu/Tex/Mask_Noise/TX_Tile_24.tga using Guid(bb0e4b0e483fa9a48bedde874bdb1662) Importer(815301076,1909f56bfc062723c751e8b465ee728b)  -> (artifact id: '4872721d4eb7ed71877dcfe7a7b2feff') in 0.041734 seconds 
========================================================================
Received Import Request.
  Time since last request: 0.000019 seconds.
  path: Assets/[Resource]_Wankyu/Tex/Mask_Noise/TX_Tile_26.png
  artifactKey: Guid(e5f65ba6cb96a2c49bfc734b2a0beb07) Importer(815301076,1909f56bfc062723c751e8b465ee728b)
Start importing Assets/[Resource]_Wankyu/Tex/Mask_Noise/TX_Tile_26.png using Guid(e5f65ba6cb96a2c49bfc734b2a0beb07) Importer(815301076,1909f56bfc062723c751e8b465ee728b)  -> (artifact id: 'a3769ffc474dbb88e3439d6488724c9f') in 0.016152 seconds 
========================================================================
Received Import Request.
  Time since last request: 0.000020 seconds.
  path: Assets/[Resource]_Wankyu/Tex/UV/TX_Wind_01.png
  artifactKey: Guid(e21ec484a16b33d4bb4ba431c75f806f) Importer(815301076,1909f56bfc062723c751e8b465ee728b)
Start importing Assets/[Resource]_Wankyu/Tex/UV/TX_Wind_01.png using Guid(e21ec484a16b33d4bb4ba431c75f806f) Importer(815301076,1909f56bfc062723c751e8b465ee728b)  -> (artifact id: '21855140bd7b07ae8b62e411bbd345d0') in 0.025581 seconds 
========================================================================
Received Import Request.
  Time since last request: 0.000039 seconds.
  path: Assets/[Resource]_Wankyu/Tex/UV/TX_Trail_01.tga
  artifactKey: Guid(6ee7aa454bc83c54bb15449d82bb4751) Importer(815301076,1909f56bfc062723c751e8b465ee728b)
Start importing Assets/[Resource]_Wankyu/Tex/UV/TX_Trail_01.tga using Guid(6ee7aa454bc83c54bb15449d82bb4751) Importer(815301076,1909f56bfc062723c751e8b465ee728b)  -> (artifact id: 'cacb58387931aae0073477217189781c') in 0.027558 seconds 
========================================================================
Received Import Request.
  Time since last request: 0.000023 seconds.
  path: Assets/[Resource]_Wankyu/Tex/Mask_Noise/TX_Tile_29.png
  artifactKey: Guid(8a09f8e5cfcb67e4aa654e0f4fb5d714) Importer(815301076,1909f56bfc062723c751e8b465ee728b)
Start importing Assets/[Resource]_Wankyu/Tex/Mask_Noise/TX_Tile_29.png using Guid(8a09f8e5cfcb67e4aa654e0f4fb5d714) Importer(815301076,1909f56bfc062723c751e8b465ee728b)  -> (artifact id: '20e385f4a48e5e399cd15cb75a1325a3') in 0.030219 seconds 
========================================================================
Received Import Request.
  Time since last request: 0.205803 seconds.
  path: Assets/[Resource]_Wankyu/Tex/TX_Wind_Low_001.png
  artifactKey: Guid(7bf5c3e3cf715a7428d45beedb81367e) Importer(815301076,1909f56bfc062723c751e8b465ee728b)
Start importing Assets/[Resource]_Wankyu/Tex/TX_Wind_Low_001.png using Guid(7bf5c3e3cf715a7428d45beedb81367e) Importer(815301076,1909f56bfc062723c751e8b465ee728b)  -> (artifact id: 'd30de2f149dc912e0f156d26130502e6') in 0.022129 seconds 
========================================================================
Received Import Request.
  Time since last request: 0.000024 seconds.
  path: Packages/com.unity.collab-proxy/Editor/Collaborate/Assets/Icons/undo-light@2x.png
  artifactKey: Guid(497a860dcf38eca4485e2b936e03bef3) Importer(815301076,1909f56bfc062723c751e8b465ee728b)
Start importing Packages/com.unity.collab-proxy/Editor/Collaborate/Assets/Icons/undo-light@2x.png using Guid(497a860dcf38eca4485e2b936e03bef3) Importer(815301076,1909f56bfc062723c751e8b465ee728b)  -> (artifact id: 'c8f474aa28ea62710c8ad32b5bd5244b') in 0.016045 seconds 
========================================================================
Received Import Request.
  Time since last request: 0.000498 seconds.
  path: Assets/ZETC/TutorialInfo/Icons/UniversalIcon.png
  artifactKey: Guid(7801804018a7dcf42abb827444e18660) Importer(815301076,1909f56bfc062723c751e8b465ee728b)
Start importing Assets/ZETC/TutorialInfo/Icons/UniversalIcon.png using Guid(7801804018a7dcf42abb827444e18660) Importer(815301076,1909f56bfc062723c751e8b465ee728b)  -> (artifact id: '52fe189055760be020d63902d0e037eb') in 0.016402 seconds 
========================================================================
Received Import Request.
  Time since last request: 0.000028 seconds.
  path: Assets/ZETC/AmplifyShaderEditor/Plugins/EditorResources/UI/Buttons/UpdateUpToDated.png
  artifactKey: Guid(ce30b12fbb3223746bcfef9ea82effe3) Importer(815301076,1909f56bfc062723c751e8b465ee728b)
Start importing Assets/ZETC/AmplifyShaderEditor/Plugins/EditorResources/UI/Buttons/UpdateUpToDated.png using Guid(ce30b12fbb3223746bcfef9ea82effe3) Importer(815301076,1909f56bfc062723c751e8b465ee728b)  -> (artifact id: 'd55a35c597feafafda44c1dbcb9de82e') in 0.015803 seconds 
========================================================================
Received Import Request.
  Time since last request: 0.188158 seconds.
  path: Assets/[Resource]_Wankyu/Tex/Mask_Noise/UV_Noise_26_Jerome.png
  artifactKey: Guid(63cdaf78981220e449a14eeb5d92e993) Importer(815301076,1909f56bfc062723c751e8b465ee728b)
Start importing Assets/[Resource]_Wankyu/Tex/Mask_Noise/UV_Noise_26_Jerome.png using Guid(63cdaf78981220e449a14eeb5d92e993) Importer(815301076,1909f56bfc062723c751e8b465ee728b)  -> (artifact id: '8674d964aa19323dec0b28f5dc5c1bce') in 0.016884 seconds 
========================================================================
Received Import Request.
  Time since last request: 0.000022 seconds.
  path: Assets/[Resource]_Wankyu/Tex/UV/UV_Ribbon_08.jpg
  artifactKey: Guid(e8a6aac620d720b40b5c32503875dd10) Importer(815301076,1909f56bfc062723c751e8b465ee728b)
Start importing Assets/[Resource]_Wankyu/Tex/UV/UV_Ribbon_08.jpg using Guid(e8a6aac620d720b40b5c32503875dd10) Importer(815301076,1909f56bfc062723c751e8b465ee728b)  -> (artifact id: '6398c86f221ad81002fc81c943bb05ce') in 0.019819 seconds 
========================================================================
Received Import Request.
  Time since last request: 0.000020 seconds.
  path: Assets/[Resource]_Wankyu/Tex/UV/UV_Ribbon_03.jpg
  artifactKey: Guid(95ce929bc0b4a854fbbb366cfad30751) Importer(815301076,1909f56bfc062723c751e8b465ee728b)
Start importing Assets/[Resource]_Wankyu/Tex/UV/UV_Ribbon_03.jpg using Guid(95ce929bc0b4a854fbbb366cfad30751) Importer(815301076,1909f56bfc062723c751e8b465ee728b)  -> (artifact id: '5625835b5dfecce2901f715a4e69f7c8') in 0.019081 seconds 
========================================================================
Received Import Request.
  Time since last request: 0.000024 seconds.
  path: Assets/[Resource]_Wankyu/Tex/UV/UV_Ribbon_02.jpg
  artifactKey: Guid(65f345ca4caa77943bc9534ba619cec8) Importer(815301076,1909f56bfc062723c751e8b465ee728b)
Start importing Assets/[Resource]_Wankyu/Tex/UV/UV_Ribbon_02.jpg using Guid(65f345ca4caa77943bc9534ba619cec8) Importer(815301076,1909f56bfc062723c751e8b465ee728b)  -> (artifact id: '052cb2e147d235b2b2aab4861b3cb16a') in 0.018194 seconds 
========================================================================
Received Prepare
Registering precompiled user dll's ...
Registered in 0.009834 seconds.
Begin MonoManager ReloadAssembly
Symbol file LoadedFromMemory doesn't match image C:\Users\jeonk\RE\ReStart\Library\PackageCache\com.unity.visualscripting@1.7.6\Editor\VisualScripting.Core\Dependencies\YamlDotNet\Unity.VisualScripting.YamlDotNet.dll
Symbol file LoadedFromMemory is not a mono symbol file
Symbol file LoadedFromMemory doesn't match image C:\Users\jeonk\RE\ReStart\Library\PackageCache\com.unity.visualscripting@1.7.6\Editor\VisualScripting.Core\Dependencies\DotNetZip\Unity.VisualScripting.IonicZip.dll
Native extension for WindowsStandalone target not found
Refreshing native plugins compatible for Editor in 3.43 ms, found 6 plugins.
Preloading 0 native plugins for Editor in 0.00 ms.
Mono: successfully reloaded assembly
- Completed reload, in  1.367 seconds
Domain Reload Profiling:
	ReloadAssembly (1367ms)
		BeginReloadAssembly (135ms)
			ExecutionOrderSort (0ms)
			DisableScriptedObjects (7ms)
			BackupInstance (0ms)
			ReleaseScriptingObjects (0ms)
			CreateAndSetChildDomain (42ms)
		EndReloadAssembly (1144ms)
			LoadAssemblies (99ms)
			RebuildTransferFunctionScriptingTraits (0ms)
			SetupTypeCache (275ms)
			ReleaseScriptCaches (4ms)
			RebuildScriptCaches (94ms)
			SetupLoadedEditorAssemblies (585ms)
				LogAssemblyErrors (0ms)
				InitializePlatformSupportModulesInManaged (15ms)
				SetLoadedEditorAssemblies (1ms)
				RefreshPlugins (4ms)
				BeforeProcessingInitializeOnLoad (138ms)
				ProcessInitializeOnLoadAttributes (303ms)
				ProcessInitializeOnLoadMethodAttributes (103ms)
				AfterProcessingInitializeOnLoad (22ms)
				EditorAssembliesLoaded (0ms)
			ExecutionOrderSort2 (0ms)
			AwakeInstancesAfterBackupRestoration (19ms)
Platform modules already initialized, skipping
Refreshing native plugins compatible for Editor in 10.85 ms, found 6 plugins.
Preloading 0 native plugins for Editor in 0.00 ms.
Unloading 5909 Unused Serialized files (Serialized files now loaded: 0)
Unloading 32 unused Assets / (1.4 MB). Loaded Objects now: 6750.
Memory consumption went from 263.8 MB to 262.5 MB.
Total: 6.188400 ms (FindLiveObjects: 0.520500 ms CreateObjectMapping: 0.441800 ms MarkObjects: 3.433800 ms  DeleteObjects: 1.790100 ms)

AssetImportParameters requested are different than current active one (requested -> active):
  custom:video-decoder-ogg-theora: a1e56fd34408186e4bbccfd4996cb3dc -> 
  custom:container-muxer-webm: aa71ff27fc2769a1b78a27578f13a17b -> 
  custom:container-demuxer-webm: 4f35f7cbe854078d1ac9338744f61a02 -> 
  custom:video-encoder-webm-vp8: eb34c28f22e8b96e1ab97ce403110664 -> 
  custom:audio-encoder-webm-vorbis: bf7c407c2cedff20999df2af8eb42d56 -> 
  custom:framework-win-MediaFoundation: 216162199b28c13a410421893ffa2e32 -> 
  custom:container-demuxer-ogg: 62fdf1f143b41e24485cea50d1cbac27 -> 
  custom:video-decoder-webm-vp8: 9c59270c3fd7afecdb556c50c9e8de78 -> 
  custom:audio-decoder-ogg-vorbis: bf7c407c2cedff20999df2af8eb42d56 -> 
========================================================================
Received Prepare
Registering precompiled user dll's ...
Registered in 0.009780 seconds.
Begin MonoManager ReloadAssembly
Symbol file LoadedFromMemory doesn't match image C:\Users\jeonk\RE\ReStart\Library\PackageCache\com.unity.visualscripting@1.7.6\Editor\VisualScripting.Core\Dependencies\YamlDotNet\Unity.VisualScripting.YamlDotNet.dll
Symbol file LoadedFromMemory is not a mono symbol file
Symbol file LoadedFromMemory doesn't match image C:\Users\jeonk\RE\ReStart\Library\PackageCache\com.unity.visualscripting@1.7.6\Editor\VisualScripting.Core\Dependencies\DotNetZip\Unity.VisualScripting.IonicZip.dll
Native extension for WindowsStandalone target not found
Refreshing native plugins compatible for Editor in 2.71 ms, found 6 plugins.
Preloading 0 native plugins for Editor in 0.00 ms.
Mono: successfully reloaded assembly
- Completed reload, in  1.363 seconds
Domain Reload Profiling:
	ReloadAssembly (1364ms)
		BeginReloadAssembly (132ms)
			ExecutionOrderSort (0ms)
			DisableScriptedObjects (7ms)
			BackupInstance (0ms)
			ReleaseScriptingObjects (0ms)
			CreateAndSetChildDomain (39ms)
		EndReloadAssembly (1138ms)
			LoadAssemblies (99ms)
			RebuildTransferFunctionScriptingTraits (0ms)
			SetupTypeCache (261ms)
			ReleaseScriptCaches (3ms)
			RebuildScriptCaches (95ms)
			SetupLoadedEditorAssemblies (586ms)
				LogAssemblyErrors (0ms)
				InitializePlatformSupportModulesInManaged (16ms)
				SetLoadedEditorAssemblies (1ms)
				RefreshPlugins (3ms)
				BeforeProcessingInitializeOnLoad (137ms)
				ProcessInitializeOnLoadAttributes (306ms)
				ProcessInitializeOnLoadMethodAttributes (109ms)
				AfterProcessingInitializeOnLoad (13ms)
				EditorAssembliesLoaded (0ms)
			ExecutionOrderSort2 (0ms)
			AwakeInstancesAfterBackupRestoration (21ms)
Platform modules already initialized, skipping
Refreshing native plugins compatible for Editor in 5.22 ms, found 6 plugins.
Preloading 0 native plugins for Editor in 0.00 ms.
Unloading 5909 Unused Serialized files (Serialized files now loaded: 0)
Unloading 32 unused Assets / (1.4 MB). Loaded Objects now: 6753.
Memory consumption went from 263.8 MB to 262.5 MB.
Total: 4.615400 ms (FindLiveObjects: 0.581500 ms CreateObjectMapping: 0.467900 ms MarkObjects: 2.959000 ms  DeleteObjects: 0.605900 ms)

AssetImportParameters requested are different than current active one (requested -> active):
  custom:video-decoder-ogg-theora: a1e56fd34408186e4bbccfd4996cb3dc -> 
  custom:container-muxer-webm: aa71ff27fc2769a1b78a27578f13a17b -> 
  custom:container-demuxer-webm: 4f35f7cbe854078d1ac9338744f61a02 -> 
  custom:video-encoder-webm-vp8: eb34c28f22e8b96e1ab97ce403110664 -> 
  custom:audio-encoder-webm-vorbis: bf7c407c2cedff20999df2af8eb42d56 -> 
  custom:framework-win-MediaFoundation: 216162199b28c13a410421893ffa2e32 -> 
  custom:container-demuxer-ogg: 62fdf1f143b41e24485cea50d1cbac27 -> 
  custom:video-decoder-webm-vp8: 9c59270c3fd7afecdb556c50c9e8de78 -> 
  custom:audio-decoder-ogg-vorbis: bf7c407c2cedff20999df2af8eb42d56 -> 
========================================================================
Received Prepare
Registering precompiled user dll's ...
Registered in 0.009257 seconds.
Begin MonoManager ReloadAssembly
Symbol file LoadedFromMemory doesn't match image C:\Users\jeonk\RE\ReStart\Library\PackageCache\com.unity.visualscripting@1.7.6\Editor\VisualScripting.Core\Dependencies\YamlDotNet\Unity.VisualScripting.YamlDotNet.dll
Symbol file LoadedFromMemory is not a mono symbol file
Symbol file LoadedFromMemory doesn't match image C:\Users\jeonk\RE\ReStart\Library\PackageCache\com.unity.visualscripting@1.7.6\Editor\VisualScripting.Core\Dependencies\DotNetZip\Unity.VisualScripting.IonicZip.dll
Native extension for WindowsStandalone target not found
Refreshing native plugins compatible for Editor in 2.45 ms, found 6 plugins.
Preloading 0 native plugins for Editor in 0.00 ms.
Mono: successfully reloaded assembly
- Completed reload, in  1.386 seconds
Domain Reload Profiling:
	ReloadAssembly (1386ms)
		BeginReloadAssembly (133ms)
			ExecutionOrderSort (0ms)
			DisableScriptedObjects (10ms)
			BackupInstance (0ms)
			ReleaseScriptingObjects (0ms)
			CreateAndSetChildDomain (39ms)
		EndReloadAssembly (1159ms)
			LoadAssemblies (94ms)
			RebuildTransferFunctionScriptingTraits (0ms)
			SetupTypeCache (279ms)
			ReleaseScriptCaches (3ms)
			RebuildScriptCaches (85ms)
			SetupLoadedEditorAssemblies (600ms)
				LogAssemblyErrors (0ms)
				InitializePlatformSupportModulesInManaged (16ms)
				SetLoadedEditorAssemblies (0ms)
				RefreshPlugins (3ms)
				BeforeProcessingInitializeOnLoad (127ms)
				ProcessInitializeOnLoadAttributes (312ms)
				ProcessInitializeOnLoadMethodAttributes (126ms)
				AfterProcessingInitializeOnLoad (15ms)
				EditorAssembliesLoaded (0ms)
			ExecutionOrderSort2 (0ms)
			AwakeInstancesAfterBackupRestoration (23ms)
Platform modules already initialized, skipping
Refreshing native plugins compatible for Editor in 8.10 ms, found 6 plugins.
Preloading 0 native plugins for Editor in 0.00 ms.
Unloading 5909 Unused Serialized files (Serialized files now loaded: 0)
Unloading 32 unused Assets / (1.4 MB). Loaded Objects now: 6756.
Memory consumption went from 263.8 MB to 262.5 MB.
Total: 6.493400 ms (FindLiveObjects: 0.910800 ms CreateObjectMapping: 0.684400 ms MarkObjects: 4.102100 ms  DeleteObjects: 0.794500 ms)

AssetImportParameters requested are different than current active one (requested -> active):
  custom:video-decoder-ogg-theora: a1e56fd34408186e4bbccfd4996cb3dc -> 
  custom:container-muxer-webm: aa71ff27fc2769a1b78a27578f13a17b -> 
  custom:container-demuxer-webm: 4f35f7cbe854078d1ac9338744f61a02 -> 
  custom:video-encoder-webm-vp8: eb34c28f22e8b96e1ab97ce403110664 -> 
  custom:audio-encoder-webm-vorbis: bf7c407c2cedff20999df2af8eb42d56 -> 
  custom:framework-win-MediaFoundation: 216162199b28c13a410421893ffa2e32 -> 
  custom:container-demuxer-ogg: 62fdf1f143b41e24485cea50d1cbac27 -> 
  custom:video-decoder-webm-vp8: 9c59270c3fd7afecdb556c50c9e8de78 -> 
  custom:audio-decoder-ogg-vorbis: bf7c407c2cedff20999df2af8eb42d56 -> 
